<?xml version="1.0" encoding="UTF-8"?>
<!-- Generated by org.testng.reporters.JUnitXMLReporter -->
<testsuite hostname="LAPTOP-PUNNNF7D" name="API Tests" tests="3" failures="0" timestamp="7 Feb 2024 12:48:49 GMT" time="10.419" errors="0">
  <testcase name="createOrders" time="2.869" classname="commonMethods.Testscripts"/>
  <testcase name="getOrderDetailsById" time="1.037" classname="commonMethods.Testscripts"/>
  <testcase name="getAllOrders" time="6.512" classname="commonMethods.Testscripts"/>
</testsuite> <!-- API Tests -->
