<?xml version="1.0" encoding="UTF-8"?>
<!-- Generated by org.testng.reporters.JUnitXMLReporter -->
<testsuite hostname="LAPTOP-PUNNNF7D" name="Default test" tests="3" failures="0" timestamp="7 Feb 2024 12:43:05 GMT" time="5.561" errors="0">
  <testcase name="createOrders" time="2.772" classname="commomMethods.Testscripts"/>
  <testcase name="getOrderDetailsById" time="2.771" classname="commomMethods.Testscripts"/>
  <testcase name="getAllOrders" time="0.001" classname="commomMethods.Testscripts"/>
</testsuite> <!-- Default test -->
